<RelativeLayout
    xmlns:android="http://schemas.android.com/apk/res/android"
    android:layout_width="match_parent"
    android:layout_height="match_parent"
    android:background="#F8F9FD">

    <LinearLayout
        android:layout_width="match_parent"
        android:layout_height="match_parent"
        android:orientation="vertical">

        <include layout="@layout/custom_toolbar" />

        <RelativeLayout
            android:layout_width="match_parent"
            android:layout_height="80dp"
            android:onClick="btnShowTestList"
            android:layout_marginTop="15dp"
            android:layout_marginLeft="20dp"
            android:layout_marginRight="20dp">
            <include
                layout="@layout/item_test"/>
        </RelativeLayout>

        <ScrollView
            android:id="@+id/scrollView"
            android:layout_width="match_parent"
            android:layout_height="match_parent"
            android:orientation="vertical"
            android:layout_marginLeft="20dp"
            android:layout_marginRight="20dp"
            android:layout_marginTop="20dp"
            android:background="@drawable/round_white">

            <LinearLayout
                android:layout_width="match_parent"
                android:layout_height="wrap_content"
                android:orientation="vertical">

                <LinearLayout
                    android:layout_width="match_parent"
                    android:layout_height="wrap_content"
                    android:orientation="vertical"
                    android:paddingBottom="30dp">
                    <!-- 잠혈 -->
                    <LinearLayout
                        android:id="@+id/linear_1"
                        android:layout_width="match_parent"
                        android:layout_height="wrap_content"
                        android:orientation="vertical"
                        android:visibility="visible">
                        <RelativeLayout
                            android:layout_width="match_parent"
                            android:layout_height="65dp"
                            android:onClick="btnSelectedItemOne">
                            <View
                                android:id="@+id/view_dot_1"
                                android:layout_width="18dp"
                                android:layout_height="18dp"
                                android:background="@drawable/test_result_dot_yellow"
                                android:layout_centerVertical="true"
                                android:layout_marginLeft="15dp"/>
                            <TextView
                                android:layout_width="wrap_content"
                                android:layout_height="match_parent"
                                android:gravity="center_vertical"
                                android:textColor="@color/colorBlack"
                                android:textSize="14dp"
                                android:text="@string/test_item1"
                                android:layout_marginLeft="37dp"/>
                            <ImageView
                                android:id="@+id/iv_arrow_1"
                                android:layout_width="15dp"
                                android:layout_height="10dp"
                                android:layout_alignParentRight="true"
                                android:layout_centerVertical="true"
                                android:src="@drawable/ic_arrow_bottom"
                                android:layout_marginRight="20dp"/>

                            <LinearLayout
                                android:layout_width="match_parent"
                                android:layout_height="17dp"
                                android:orientation="horizontal"
                                android:layout_marginLeft="18dp"
                                android:layout_marginRight="20dp"
                                android:layout_alignParentBottom="true">
                                <RelativeLayout
                                    android:layout_width="0dp"
                                    android:layout_height="match_parent"
                                    android:layout_weight="1"
                                    android:background="@drawable/test_result_box_empty">
                                    <ImageView
                                        android:id="@+id/txtItemOne1"
                                        android:layout_width="match_parent"
                                        android:layout_height="match_parent"
                                        android:src="@drawable/test_result_box_green"/>
                                </RelativeLayout>
                                <RelativeLayout
                                    android:layout_width="0dp"
                                    android:layout_height="match_parent"
                                    android:layout_weight="1"
                                    android:background="@drawable/test_result_box_empty"
                                    android:layout_marginLeft="2dp">
                                    <ImageView
                                        android:id="@+id/txtItemOne2"
                                        android:layout_width="match_parent"
                                        android:layout_height="match_parent"
                                        android:src="@drawable/test_result_box_yellow"/>
                                </RelativeLayout>
                                <RelativeLayout
                                    android:layout_width="0dp"
                                    android:layout_height="match_parent"
                                    android:layout_weight="1"
                                    android:background="@drawable/test_result_box_empty"
                                    android:layout_marginLeft="2dp">
                                    <ImageView
                                        android:id="@+id/txtItemOne3"
                                        android:layout_width="match_parent"
                                        android:layout_height="match_parent"
                                        android:src="@drawable/test_result_box_yellow"/>
                                </RelativeLayout>
                                <RelativeLayout
                                    android:layout_width="0dp"
                                    android:layout_height="match_parent"
                                    android:layout_weight="1"
                                    android:background="@drawable/test_result_box_empty"
                                    android:layout_marginLeft="2dp">
                                    <ImageView
                                        android:id="@+id/txtItemOne4"
                                        android:layout_width="match_parent"
                                        android:layout_height="match_parent"
                                        android:src="@drawable/test_result_box_red"/>
                                </RelativeLayout>
                                <RelativeLayout
                                    android:layout_width="0dp"
                                    android:layout_height="match_parent"
                                    android:layout_weight="1"
                                    android:background="@drawable/test_result_box_empty"
                                    android:layout_marginLeft="2dp">
                                    <ImageView
                                        android:id="@+id/txtItemOne5"
                                        android:layout_width="match_parent"
                                        android:layout_height="match_parent"
                                        android:src="@drawable/test_result_box_red"/>
                                </RelativeLayout>
                            </LinearLayout>
                        </RelativeLayout>


                        <LinearLayout
                            android:id="@+id/linear_content_1"
                            android:layout_width="match_parent"
                            android:layout_height="wrap_content"
                            android:orientation="vertical"
                            android:layout_marginLeft="30dp"
                            android:layout_marginTop="30dp"
                            android:layout_marginRight="30dp">
                            <LinearLayout
                                android:layout_width="match_parent"
                                android:layout_height="wrap_content"
                                android:layout_marginTop="5dp"
                                android:orientation="horizontal">
                                <View
                                    android:layout_width="5dp"
                                    android:layout_height="5dp"
                                    android:layout_gravity="center_vertical"
                                    android:background="@drawable/fill_black_circle" />
                                <TextView
                                    android:layout_width="wrap_content"
                                    android:layout_height="15dp"
                                    android:layout_marginStart="5dp"
                                    android:textSize="10dp"
                                    android:gravity="center_vertical"
                                    android:text="@string/description_item"
                                    android:textColor="@color/new_gray_1"/>

                            </LinearLayout>
                            <TextView
                                android:layout_width="match_parent"
                                android:layout_height="wrap_content"
                                android:textColor="@color/new_gray_1"
                                android:text="@string/item0"
                                android:textSize="12dp"
                                android:lineSpacingExtra="5dp"
                                android:layout_marginTop="5dp"/>
                            <LinearLayout
                                android:layout_width="match_parent"
                                android:layout_height="wrap_content"
                                android:layout_marginTop="15dp"
                                android:orientation="horizontal">
                                <View
                                    android:layout_width="5dp"
                                    android:layout_height="5dp"
                                    android:layout_gravity="center_vertical"
                                    android:background="@drawable/fill_black_circle" />
                                <TextView
                                    android:layout_width="wrap_content"
                                    android:layout_height="15dp"
                                    android:layout_marginStart="5dp"
                                    android:textSize="10dp"
                                    android:gravity="center_vertical"
                                    android:text="@string/suspected_disease"
                                    android:textColor="@color/new_gray_1"/>
                            </LinearLayout>
                            <TextView
                                android:layout_width="match_parent"
                                android:layout_height="wrap_content"
                                android:textColor="@color/new_gray_1"
                                android:text="@string/item01"
                                android:textSize="12dp"
                                android:lineSpacingExtra="5dp"
                                android:layout_marginTop="5dp"/>
                        </LinearLayout>

                        <View
                            android:layout_width="match_parent"
                            android:layout_height="1dp"
                            android:background="@color/new_gray_3"
                            android:layout_marginTop="20dp"/>
                    </LinearLayout>
                    <!-- 잠혈 end -->

                    <!-- 빌리루빈 -->
                    <LinearLayout
                        android:id="@+id/linear_2"
                        android:layout_width="match_parent"
                        android:layout_height="wrap_content"
                        android:orientation="vertical"
                        android:visibility="visible">
                        <RelativeLayout
                            android:layout_width="match_parent"
                            android:layout_height="65dp"
                            android:onClick="btnSelectedItemTwo">
                            <View
                                android:id="@+id/view_dot_2"
                                android:layout_width="18dp"
                                android:layout_height="18dp"
                                android:background="@drawable/test_result_dot_yellow"
                                android:layout_centerVertical="true"
                                android:layout_marginLeft="15dp"/>

                            <TextView
                                android:layout_width="wrap_content"
                                android:layout_height="match_parent"
                                android:gravity="center_vertical"
                                android:textColor="@color/colorBlack"
                                android:textSize="14dp"
                                android:text="@string/test_item2"
                                android:layout_marginLeft="37dp"/>

                            <ImageView
                                android:id="@+id/iv_arrow_2"
                                android:layout_width="15dp"
                                android:layout_height="10dp"
                                android:layout_alignParentRight="true"
                                android:layout_centerVertical="true"
                                android:src="@drawable/ic_arrow_bottom"
                                android:layout_marginRight="20dp"/>

                            <LinearLayout
                                android:layout_width="match_parent"
                                android:layout_height="17dp"
                                android:orientation="horizontal"
                                android:layout_marginLeft="18dp"
                                android:layout_marginRight="20dp"
                                android:layout_alignParentBottom="true">

                                <RelativeLayout
                                    android:layout_width="0dp"
                                    android:layout_height="match_parent"
                                    android:layout_weight="1"
                                    android:background="@drawable/test_result_box_empty">
                                    <ImageView
                                        android:id="@+id/txtItemTwo1"
                                        android:layout_width="match_parent"
                                        android:layout_height="match_parent"
                                        android:src="@drawable/test_result_box_green"/>
                                </RelativeLayout>
                                <RelativeLayout
                                    android:layout_width="0dp"
                                    android:layout_height="match_parent"
                                    android:layout_weight="1"
                                    android:background="@drawable/test_result_box_empty"
                                    android:layout_marginLeft="2dp">

                                    <ImageView
                                        android:id="@+id/txtItemTwo2"
                                        android:layout_width="match_parent"
                                        android:layout_height="match_parent"
                                        android:src="@drawable/test_result_box_yellow"/>

                                </RelativeLayout>
                                <RelativeLayout
                                    android:layout_width="0dp"
                                    android:layout_height="match_parent"
                                    android:layout_weight="1"
                                    android:background="@drawable/test_result_box_empty"
                                    android:layout_marginLeft="2dp">
                                    <ImageView
                                        android:id="@+id/txtItemTwo3"
                                        android:layout_width="match_parent"
                                        android:layout_height="match_parent"
                                        android:src="@drawable/test_result_box_yellow"/>
                                </RelativeLayout>

                                <RelativeLayout
                                    android:layout_width="0dp"
                                    android:layout_height="match_parent"
                                    android:layout_weight="1"
                                    android:background="@drawable/test_result_box_empty"
                                    android:layout_marginLeft="2dp">
                                    <ImageView
                                        android:id="@+id/txtItemTwo4"
                                        android:layout_width="match_parent"
                                        android:layout_height="match_parent"
                                        android:src="@drawable/test_result_box_red"/>
                                </RelativeLayout>
                            </LinearLayout>
                        </RelativeLayout>


                        <LinearLayout
                            android:id="@+id/linear_content_2"
                            android:layout_width="match_parent"
                            android:layout_height="wrap_content"
                            android:orientation="vertical"
                            android:layout_marginLeft="30dp"
                            android:layout_marginTop="30dp"
                            android:layout_marginRight="30dp"
                            android:visibility="gone">
                            <LinearLayout
                                android:layout_width="match_parent"
                                android:layout_height="wrap_content"
                                android:layout_marginTop="5dp"
                                android:orientation="horizontal">
                                <View
                                    android:layout_width="5dp"
                                    android:layout_height="5dp"
                                    android:layout_gravity="center_vertical"
                                    android:background="@drawable/fill_black_circle" />
                                <TextView
                                    android:layout_width="wrap_content"
                                    android:layout_height="15dp"
                                    android:layout_marginStart="5dp"
                                    android:textSize="10dp"
                                    android:gravity="center_vertical"
                                    android:text="@string/description_item"
                                    android:textColor="@color/new_gray_1"/>

                            </LinearLayout>
                            <TextView
                                android:layout_width="match_parent"
                                android:layout_height="wrap_content"
                                android:textColor="@color/new_gray_1"
                                android:text="@string/item1"
                                android:textSize="12dp"
                                android:lineSpacingExtra="5dp"
                                android:layout_marginTop="5dp"/>
                            <LinearLayout
                                android:layout_width="match_parent"
                                android:layout_height="wrap_content"
                                android:layout_marginTop="15dp"
                                android:orientation="horizontal">
                                <View
                                    android:layout_width="5dp"
                                    android:layout_height="5dp"
                                    android:layout_gravity="center_vertical"
                                    android:background="@drawable/fill_black_circle" />
                                <TextView
                                    android:layout_width="wrap_content"
                                    android:layout_height="15dp"
                                    android:layout_marginStart="5dp"
                                    android:textSize="10dp"
                                    android:gravity="center_vertical"
                                    android:text="@string/suspected_disease"
                                    android:textColor="@color/new_gray_1"/>
                            </LinearLayout>
                            <TextView
                                android:layout_width="match_parent"
                                android:layout_height="wrap_content"
                                android:textColor="@color/new_gray_1"
                                android:text="@string/item11"
                                android:textSize="12dp"
                                android:lineSpacingExtra="5dp"
                                android:layout_marginTop="5dp"/>
                        </LinearLayout>
                        <View
                            android:layout_width="match_parent"
                            android:layout_height="1dp"
                            android:background="@color/new_gray_3"
                            android:layout_marginTop="20dp"/>
                    </LinearLayout>
                    <!-- 빌리루빈 end -->

                    <!-- 우르빌리노겐 -->
                    <LinearLayout
                        android:id="@+id/linear_3"
                        android:layout_width="wrap_content"
                        android:layout_height="wrap_content"
                        android:orientation="vertical"
                        android:visibility="visible">
                        <RelativeLayout
                            android:layout_width="match_parent"
                            android:layout_height="65dp"
                            android:onClick="btnSelectedItemThree">
                            <View
                                android:id="@+id/view_dot_3"
                                android:layout_width="18dp"
                                android:layout_height="18dp"
                                android:background="@drawable/test_result_dot_yellow"
                                android:layout_centerVertical="true"
                                android:layout_marginLeft="15dp"/>
                            <TextView
                                android:layout_width="wrap_content"
                                android:layout_height="match_parent"
                                android:gravity="center_vertical"
                                android:textColor="@color/colorBlack"
                                android:textSize="14dp"
                                android:text="@string/test_item3"
                                android:layout_marginLeft="37dp"/>
                            <ImageView
                                android:id="@+id/iv_arrow_3"
                                android:layout_width="15dp"
                                android:layout_height="10dp"
                                android:layout_alignParentRight="true"
                                android:layout_centerVertical="true"
                                android:src="@drawable/ic_arrow_bottom"
                                android:layout_marginRight="20dp"/>
                            <LinearLayout
                                android:layout_width="match_parent"
                                android:layout_height="17dp"
                                android:orientation="horizontal"
                                android:layout_marginLeft="18dp"
                                android:layout_marginRight="20dp"
                                android:layout_alignParentBottom="true">
                                <RelativeLayout
                                    android:layout_width="0dp"
                                    android:layout_height="match_parent"
                                    android:layout_weight="1"
                                    android:background="@drawable/test_result_box_empty">
                                    <ImageView
                                        android:id="@+id/txtItemThree1"
                                        android:layout_width="match_parent"
                                        android:layout_height="match_parent"
                                        android:src="@drawable/test_result_box_green"/>
                                </RelativeLayout>
                                <RelativeLayout
                                    android:layout_width="0dp"
                                    android:layout_height="match_parent"
                                    android:layout_weight="1"
                                    android:background="@drawable/test_result_box_empty"
                                    android:layout_marginLeft="2dp">
                                    <ImageView
                                        android:id="@+id/txtItemThree2"
                                        android:layout_width="match_parent"
                                        android:layout_height="match_parent"
                                        android:src="@drawable/test_result_box_green"/>
                                </RelativeLayout>
                                <RelativeLayout
                                    android:layout_width="0dp"
                                    android:layout_height="match_parent"
                                    android:layout_weight="1"
                                    android:background="@drawable/test_result_box_empty"
                                    android:layout_marginLeft="2dp">
                                    <ImageView
                                        android:id="@+id/txtItemThree3"
                                        android:layout_width="match_parent"
                                        android:layout_height="match_parent"
                                        android:src="@drawable/test_result_box_yellow"/>
                                </RelativeLayout>
                                <RelativeLayout
                                    android:layout_width="0dp"
                                    android:layout_height="match_parent"
                                    android:layout_weight="1"
                                    android:background="@drawable/test_result_box_empty"
                                    android:layout_marginLeft="2dp">
                                    <ImageView
                                        android:id="@+id/txtItemThree4"
                                        android:layout_width="match_parent"
                                        android:layout_height="match_parent"
                                        android:src="@drawable/test_result_box_red"/>
                                </RelativeLayout>
                                <RelativeLayout
                                    android:layout_width="0dp"
                                    android:layout_height="match_parent"
                                    android:layout_weight="1"
                                    android:background="@drawable/test_result_box_empty"
                                    android:layout_marginLeft="2dp">
                                    <ImageView
                                        android:id="@+id/txtItemThree5"
                                        android:layout_width="match_parent"
                                        android:layout_height="match_parent"
                                        android:src="@drawable/test_result_box_red"/>
                                </RelativeLayout>
                            </LinearLayout>
                        </RelativeLayout>
                        <LinearLayout
                            android:id="@+id/linear_content_3"
                            android:layout_width="match_parent"
                            android:layout_height="wrap_content"
                            android:orientation="vertical"
                            android:layout_marginLeft="30dp"
                            android:layout_marginTop="30dp"
                            android:layout_marginRight="30dp"
                            android:visibility="gone">
                            <LinearLayout
                                android:layout_width="match_parent"
                                android:layout_height="wrap_content"
                                android:layout_marginTop="5dp"
                                android:orientation="horizontal">
                                <View
                                    android:layout_width="5dp"
                                    android:layout_height="5dp"
                                    android:layout_gravity="center_vertical"
                                    android:background="@drawable/fill_black_circle" />
                                <TextView
                                    android:layout_width="wrap_content"
                                    android:layout_height="15dp"
                                    android:layout_marginStart="5dp"
                                    android:textSize="10dp"
                                    android:gravity="center_vertical"
                                    android:text="@string/description_item"
                                    android:textColor="@color/new_gray_1"/>

                            </LinearLayout>
                            <TextView
                                android:layout_width="match_parent"
                                android:layout_height="wrap_content"
                                android:textColor="@color/new_gray_1"
                                android:text="@string/item2"
                                android:textSize="12dp"
                                android:lineSpacingExtra="5dp"
                                android:layout_marginTop="5dp"/>
                            <LinearLayout
                                android:layout_width="match_parent"
                                android:layout_height="wrap_content"
                                android:layout_marginTop="15dp"
                                android:orientation="horizontal">
                                <View
                                    android:layout_width="5dp"
                                    android:layout_height="5dp"
                                    android:layout_gravity="center_vertical"
                                    android:background="@drawable/fill_black_circle" />
                                <TextView
                                    android:layout_width="wrap_content"
                                    android:layout_height="15dp"
                                    android:layout_marginStart="5dp"
                                    android:textSize="10dp"
                                    android:gravity="center_vertical"
                                    android:text="@string/suspected_disease"
                                    android:textColor="@color/new_gray_1"/>
                            </LinearLayout>
                            <TextView
                                android:layout_width="match_parent"
                                android:layout_height="wrap_content"
                                android:textColor="@color/new_gray_1"
                                android:text="@string/item21"
                                android:textSize="12dp"
                                android:lineSpacingExtra="5dp"
                                android:layout_marginTop="5dp"/>
                        </LinearLayout>
                        <View
                            android:layout_width="match_parent"
                            android:layout_height="1dp"
                            android:background="@color/new_gray_3"
                            android:layout_marginTop="20dp"/>
                    </LinearLayout>
                    <!-- 우르빌리노겐 end -->

                    <!-- 케톤 -->
                    <LinearLayout
                        android:id="@+id/linear_4"
                        android:layout_width="match_parent"
                        android:layout_height="wrap_content"
                        android:orientation="vertical"
                        android:visibility="visible">
                        <RelativeLayout
                            android:layout_width="match_parent"
                            android:layout_height="65dp"
                            android:onClick="btnSelectedItemFour">
                            <View
                                android:id="@+id/view_dot_4"
                                android:layout_width="18dp"
                                android:layout_height="18dp"
                                android:background="@drawable/test_result_dot_yellow"
                                android:layout_centerVertical="true"
                                android:layout_marginLeft="15dp"/>
                            <TextView
                                android:layout_width="wrap_content"
                                android:layout_height="match_parent"
                                android:gravity="center_vertical"
                                android:textColor="@color/colorBlack"
                                android:textSize="14dp"
                                android:text="@string/test_item4"
                                android:layout_marginLeft="37dp"/>
                            <ImageView
                                android:id="@+id/iv_arrow_4"
                                android:layout_width="15dp"
                                android:layout_height="10dp"
                                android:layout_alignParentRight="true"
                                android:layout_centerVertical="true"
                                android:src="@drawable/ic_arrow_bottom"
                                android:layout_marginRight="20dp"/>
                            <LinearLayout
                                android:layout_width="match_parent"
                                android:layout_height="17dp"
                                android:orientation="horizontal"
                                android:layout_marginLeft="18dp"
                                android:layout_marginRight="20dp"
                                android:layout_alignParentBottom="true">
                                <RelativeLayout
                                    android:layout_width="0dp"
                                    android:layout_height="match_parent"
                                    android:layout_weight="1"
                                    android:background="@drawable/test_result_box_empty">
                                    <ImageView
                                        android:id="@+id/txtItemFour1"
                                        android:layout_width="match_parent"
                                        android:layout_height="match_parent"
                                        android:src="@drawable/test_result_box_green"/>
                                </RelativeLayout>
                                <RelativeLayout
                                    android:layout_width="0dp"
                                    android:layout_height="match_parent"
                                    android:layout_weight="1"
                                    android:background="@drawable/test_result_box_empty"
                                    android:layout_marginLeft="2dp">
                                    <ImageView
                                        android:id="@+id/txtItemFour2"
                                        android:layout_width="match_parent"
                                        android:layout_height="match_parent"
                                        android:src="@drawable/test_result_box_green"/>
                                </RelativeLayout>
                                <RelativeLayout
                                    android:layout_width="0dp"
                                    android:layout_height="match_parent"
                                    android:layout_weight="1"
                                    android:background="@drawable/test_result_box_empty"
                                    android:layout_marginLeft="2dp">
                                    <ImageView
                                        android:id="@+id/txtItemFour3"
                                        android:layout_width="match_parent"
                                        android:layout_height="match_parent"
                                        android:src="@drawable/test_result_box_yellow"/>
                                </RelativeLayout>
                                <RelativeLayout
                                    android:layout_width="0dp"
                                    android:layout_height="match_parent"
                                    android:layout_weight="1"
                                    android:background="@drawable/test_result_box_empty"
                                    android:layout_marginLeft="2dp">
                                    <ImageView
                                        android:id="@+id/txtItemFour4"
                                        android:layout_width="match_parent"
                                        android:layout_height="match_parent"
                                        android:src="@drawable/test_result_box_yellow"/>
                                </RelativeLayout>
                                <RelativeLayout
                                    android:layout_width="0dp"
                                    android:layout_height="match_parent"
                                    android:layout_weight="1"
                                    android:background="@drawable/test_result_box_empty"
                                    android:layout_marginLeft="2dp">
                                    <ImageView
                                        android:id="@+id/txtItemFour5"
                                        android:layout_width="match_parent"
                                        android:layout_height="match_parent"
                                        android:src="@drawable/test_result_box_red"/>
                                </RelativeLayout>
                                <RelativeLayout
                                    android:layout_width="0dp"
                                    android:layout_height="match_parent"
                                    android:layout_weight="1"
                                    android:background="@drawable/test_result_box_empty"
                                    android:layout_marginLeft="2dp">
                                    <ImageView
                                        android:id="@+id/txtItemFour6"
                                        android:layout_width="match_parent"
                                        android:layout_height="match_parent"
                                        android:src="@drawable/test_result_box_red"/>
                                </RelativeLayout>
                            </LinearLayout>
                        </RelativeLayout>
                        <LinearLayout
                            android:id="@+id/linear_content_4"
                            android:layout_width="match_parent"
                            android:layout_height="wrap_content"
                            android:orientation="vertical"
                            android:layout_marginLeft="30dp"
                            android:layout_marginTop="30dp"
                            android:layout_marginRight="30dp"
                            android:visibility="gone">
                            <LinearLayout
                                android:layout_width="match_parent"
                                android:layout_height="wrap_content"
                                android:layout_marginTop="5dp"
                                android:orientation="horizontal">
                                <View
                                    android:layout_width="5dp"
                                    android:layout_height="5dp"
                                    android:layout_gravity="center_vertical"
                                    android:background="@drawable/fill_black_circle" />
                                <TextView
                                    android:layout_width="wrap_content"
                                    android:layout_height="15dp"
                                    android:layout_marginStart="5dp"
                                    android:textSize="10dp"
                                    android:gravity="center_vertical"
                                    android:text="@string/description_item"
                                    android:textColor="@color/new_gray_1"/>

                            </LinearLayout>
                            <TextView
                                android:layout_width="match_parent"
                                android:layout_height="wrap_content"
                                android:textColor="@color/new_gray_1"
                                android:text="@string/item3"
                                android:textSize="12dp"
                                android:lineSpacingExtra="5dp"
                                android:layout_marginTop="5dp"/>
                            <LinearLayout
                                android:layout_width="match_parent"
                                android:layout_height="wrap_content"
                                android:layout_marginTop="15dp"
                                android:orientation="horizontal">
                                <View
                                    android:layout_width="5dp"
                                    android:layout_height="5dp"
                                    android:layout_gravity="center_vertical"
                                    android:background="@drawable/fill_black_circle" />
                                <TextView
                                    android:layout_width="wrap_content"
                                    android:layout_height="15dp"
                                    android:layout_marginStart="5dp"
                                    android:textSize="10dp"
                                    android:gravity="center_vertical"
                                    android:text="@string/suspected_disease"
                                    android:textColor="@color/new_gray_1"/>
                            </LinearLayout>
                            <TextView
                                android:layout_width="match_parent"
                                android:layout_height="wrap_content"
                                android:textColor="@color/new_gray_1"
                                android:text="@string/item31"
                                android:textSize="12dp"
                                android:lineSpacingExtra="5dp"
                                android:layout_marginTop="5dp"/>
                        </LinearLayout>
                        <View
                            android:layout_width="match_parent"
                            android:layout_height="1dp"
                            android:background="@color/new_gray_3"
                            android:layout_marginTop="20dp"/>
                    </LinearLayout>
                    <!-- 케톤 end -->

                    <!-- 단백질 -->
                    <LinearLayout
                        android:id="@+id/linear_5"
                        android:layout_width="match_parent"
                        android:layout_height="wrap_content"
                        android:orientation="vertical"
                        android:visibility="visible">
                        <RelativeLayout
                            android:layout_width="match_parent"
                            android:layout_height="65dp"
                            android:onClick="btnSelectedItemFive">
                            <View
                                android:id="@+id/view_dot_5"
                                android:layout_width="18dp"
                                android:layout_height="18dp"
                                android:background="@drawable/test_result_dot_yellow"
                                android:layout_centerVertical="true"
                                android:layout_marginLeft="15dp"/>
                            <TextView
                                android:layout_width="wrap_content"
                                android:layout_height="match_parent"
                                android:gravity="center_vertical"
                                android:textColor="@color/colorBlack"
                                android:textSize="14dp"
                                android:text="@string/test_item5"
                                android:layout_marginLeft="37dp"/>
                            <ImageView
                                android:id="@+id/iv_arrow_5"
                                android:layout_width="15dp"
                                android:layout_height="10dp"
                                android:layout_alignParentRight="true"
                                android:layout_centerVertical="true"
                                android:src="@drawable/ic_arrow_bottom"
                                android:layout_marginRight="20dp"/>
                            <LinearLayout
                                android:layout_width="match_parent"
                                android:layout_height="17dp"
                                android:orientation="horizontal"
                                android:layout_marginLeft="18dp"
                                android:layout_marginRight="20dp"
                                android:layout_alignParentBottom="true">
                                <RelativeLayout
                                    android:layout_width="0dp"
                                    android:layout_height="match_parent"
                                    android:layout_weight="1"
                                    android:background="@drawable/test_result_box_empty">
                                    <ImageView
                                        android:id="@+id/txtItemFive1"
                                        android:layout_width="match_parent"
                                        android:layout_height="match_parent"
                                        android:src="@drawable/test_result_box_green"/>
                                </RelativeLayout>
                                <RelativeLayout
                                    android:layout_width="0dp"
                                    android:layout_height="match_parent"
                                    android:layout_weight="1"
                                    android:background="@drawable/test_result_box_empty"
                                    android:layout_marginLeft="2dp">
                                    <ImageView
                                        android:id="@+id/txtItemFive2"
                                        android:layout_width="match_parent"
                                        android:layout_height="match_parent"
                                        android:src="@drawable/test_result_box_green"/>
                                </RelativeLayout>
                                <RelativeLayout
                                    android:layout_width="0dp"
                                    android:layout_height="match_parent"
                                    android:layout_weight="1"
                                    android:background="@drawable/test_result_box_empty"
                                    android:layout_marginLeft="2dp">
                                    <ImageView
                                        android:id="@+id/txtItemFive3"
                                        android:layout_width="match_parent"
                                        android:layout_height="match_parent"
                                        android:src="@drawable/test_result_box_yellow"/>
                                </RelativeLayout>
                                <RelativeLayout
                                    android:layout_width="0dp"
                                    android:layout_height="match_parent"
                                    android:layout_weight="1"
                                    android:background="@drawable/test_result_box_empty"
                                    android:layout_marginLeft="2dp">
                                    <ImageView
                                        android:id="@+id/txtItemFive4"
                                        android:layout_width="match_parent"
                                        android:layout_height="match_parent"
                                        android:src="@drawable/test_result_box_yellow"/>
                                </RelativeLayout>
                                <RelativeLayout
                                    android:layout_width="0dp"
                                    android:layout_height="match_parent"
                                    android:layout_weight="1"
                                    android:background="@drawable/test_result_box_empty"
                                    android:layout_marginLeft="2dp">
                                    <ImageView
                                        android:id="@+id/txtItemFive5"
                                        android:layout_width="match_parent"
                                        android:layout_height="match_parent"
                                        android:src="@drawable/test_result_box_red"/>
                                </RelativeLayout>
                                <RelativeLayout
                                    android:layout_width="0dp"
                                    android:layout_height="match_parent"
                                    android:layout_weight="1"
                                    android:background="@drawable/test_result_box_empty"
                                    android:layout_marginLeft="2dp">
                                    <ImageView
                                        android:id="@+id/txtItemFive6"
                                        android:layout_width="match_parent"
                                        android:layout_height="match_parent"
                                        android:src="@drawable/test_result_box_red"/>
                                </RelativeLayout>
                            </LinearLayout>
                        </RelativeLayout>
                        <LinearLayout
                            android:id="@+id/linear_content_5"
                            android:layout_width="match_parent"
                            android:layout_height="wrap_content"
                            android:orientation="vertical"
                            android:layout_marginLeft="30dp"
                            android:layout_marginTop="30dp"
                            android:layout_marginRight="30dp"
                            android:visibility="gone">
                            <LinearLayout
                                android:layout_width="match_parent"
                                android:layout_height="wrap_content"
                                android:layout_marginTop="5dp"
                                android:orientation="horizontal">
                                <View
                                    android:layout_width="5dp"
                                    android:layout_height="5dp"
                                    android:layout_gravity="center_vertical"
                                    android:background="@drawable/fill_black_circle" />
                                <TextView
                                    android:layout_width="wrap_content"
                                    android:layout_height="15dp"
                                    android:layout_marginStart="5dp"
                                    android:textSize="10dp"
                                    android:gravity="center_vertical"
                                    android:text="@string/description_item"
                                    android:textColor="@color/new_gray_1"/>

                            </LinearLayout>
                            <TextView
                                android:layout_width="match_parent"
                                android:layout_height="wrap_content"
                                android:textColor="@color/new_gray_1"
                                android:text="@string/item4"
                                android:textSize="12dp"
                                android:lineSpacingExtra="5dp"
                                android:layout_marginTop="5dp"/>
                            <LinearLayout
                                android:layout_width="match_parent"
                                android:layout_height="wrap_content"
                                android:layout_marginTop="15dp"
                                android:orientation="horizontal">
                                <View
                                    android:layout_width="5dp"
                                    android:layout_height="5dp"
                                    android:layout_gravity="center_vertical"
                                    android:background="@drawable/fill_black_circle" />
                                <TextView
                                    android:layout_width="wrap_content"
                                    android:layout_height="15dp"
                                    android:layout_marginStart="5dp"
                                    android:textSize="10dp"
                                    android:gravity="center_vertical"
                                    android:text="@string/suspected_disease"
                                    android:textColor="@color/new_gray_1"/>
                            </LinearLayout>
                            <TextView
                                android:layout_width="match_parent"
                                android:layout_height="wrap_content"
                                android:textColor="@color/new_gray_1"
                                android:text="@string/item41"
                                android:textSize="12dp"
                                android:lineSpacingExtra="5dp"
                                android:layout_marginTop="5dp"/>
                        </LinearLayout>
                        <View
                            android:layout_width="match_parent"
                            android:layout_height="1dp"
                            android:background="@color/new_gray_3"
                            android:layout_marginTop="20dp"/>
                    </LinearLayout>
                    <!-- 단백질 end -->

                    <!-- 아질산염 -->
                    <LinearLayout
                        android:id="@+id/linear_6"
                        android:layout_width="match_parent"
                        android:layout_height="wrap_content"
                        android:orientation="vertical"
                        android:visibility="visible">
                        <RelativeLayout
                            android:layout_width="match_parent"
                            android:layout_height="65dp"
                            android:onClick="btnSelectedItemSix">
                            <View
                                android:id="@+id/view_dot_6"
                                android:layout_width="18dp"
                                android:layout_height="18dp"
                                android:background="@drawable/test_result_dot_yellow"
                                android:layout_centerVertical="true"
                                android:layout_marginLeft="15dp"/>
                            <TextView
                                android:layout_width="wrap_content"
                                android:layout_height="match_parent"
                                android:gravity="center_vertical"
                                android:textColor="@color/colorBlack"
                                android:textSize="14dp"
                                android:text="@string/test_item6"
                                android:layout_marginLeft="37dp"/>
                            <ImageView
                                android:id="@+id/iv_arrow_6"
                                android:layout_width="15dp"
                                android:layout_height="10dp"
                                android:layout_alignParentRight="true"
                                android:layout_centerVertical="true"
                                android:src="@drawable/ic_arrow_bottom"
                                android:layout_marginRight="20dp"/>
                            <LinearLayout
                                android:layout_width="match_parent"
                                android:layout_height="17dp"
                                android:orientation="horizontal"
                                android:layout_marginLeft="18dp"
                                android:layout_marginRight="20dp"
                                android:layout_alignParentBottom="true">
                                <RelativeLayout
                                    android:layout_width="0dp"
                                    android:layout_height="match_parent"
                                    android:layout_weight="1"
                                    android:background="@drawable/test_result_box_empty">
                                    <ImageView
                                        android:id="@+id/txtItemSix1"
                                        android:layout_width="match_parent"
                                        android:layout_height="match_parent"
                                        android:src="@drawable/test_result_box_green"/>
                                </RelativeLayout>
                                <RelativeLayout
                                    android:layout_width="0dp"
                                    android:layout_height="match_parent"
                                    android:layout_weight="1"
                                    android:background="@drawable/test_result_box_empty"
                                    android:layout_marginLeft="2dp">
                                    <ImageView
                                        android:id="@+id/txtItemSix2"
                                        android:layout_width="match_parent"
                                        android:layout_height="match_parent"
                                        android:src="@drawable/test_result_box_red"/>
                                </RelativeLayout>
                            </LinearLayout>
                        </RelativeLayout>
                        <LinearLayout
                            android:id="@+id/linear_content_6"
                            android:layout_width="match_parent"
                            android:layout_height="wrap_content"
                            android:orientation="vertical"
                            android:layout_marginLeft="30dp"
                            android:layout_marginTop="30dp"
                            android:layout_marginRight="30dp"
                            android:visibility="gone">
                            <LinearLayout
                                android:layout_width="match_parent"
                                android:layout_height="wrap_content"
                                android:layout_marginTop="5dp"
                                android:orientation="horizontal">
                                <View
                                    android:layout_width="5dp"
                                    android:layout_height="5dp"
                                    android:layout_gravity="center_vertical"
                                    android:background="@drawable/fill_black_circle" />
                                <TextView
                                    android:layout_width="wrap_content"
                                    android:layout_height="15dp"
                                    android:layout_marginStart="5dp"
                                    android:textSize="10dp"
                                    android:gravity="center_vertical"
                                    android:text="@string/description_item"
                                    android:textColor="@color/new_gray_1"/>

                            </LinearLayout>
                            <TextView
                                android:layout_width="match_parent"
                                android:layout_height="wrap_content"
                                android:textColor="@color/new_gray_1"
                                android:text="@string/item5"
                                android:textSize="12dp"
                                android:lineSpacingExtra="5dp"
                                android:layout_marginTop="5dp"/>
                            <LinearLayout
                                android:layout_width="match_parent"
                                android:layout_height="wrap_content"
                                android:layout_marginTop="15dp"
                                android:orientation="horizontal">
                                <View
                                    android:layout_width="5dp"
                                    android:layout_height="5dp"
                                    android:layout_gravity="center_vertical"
                                    android:background="@drawable/fill_black_circle" />
                                <TextView
                                    android:layout_width="wrap_content"
                                    android:layout_height="15dp"
                                    android:layout_marginStart="5dp"
                                    android:textSize="10dp"
                                    android:gravity="center_vertical"
                                    android:text="@string/suspected_disease"
                                    android:textColor="@color/new_gray_1"/>
                            </LinearLayout>
                            <TextView
                                android:layout_width="match_parent"
                                android:layout_height="wrap_content"
                                android:textColor="@color/new_gray_1"
                                android:text="@string/item51"
                                android:textSize="12dp"
                                android:lineSpacingExtra="5dp"
                                android:layout_marginTop="5dp"/>
                        </LinearLayout>
                        <View
                            android:layout_width="match_parent"
                            android:layout_height="1dp"
                            android:background="@color/new_gray_3"
                            android:layout_marginTop="20dp"/>
                    </LinearLayout>
                    <!-- 아질산염 end -->

                    <!-- 포도당 -->
                    <LinearLayout
                        android:id="@+id/linear_7"
                        android:layout_width="match_parent"
                        android:layout_height="wrap_content"
                        android:orientation="vertical"
                        android:visibility="visible">

                        <RelativeLayout
                            android:layout_width="match_parent"
                            android:layout_height="65dp"
                            android:onClick="btnSelectedItemSeven">
                            <View
                                android:id="@+id/view_dot_7"
                                android:layout_width="18dp"
                                android:layout_height="18dp"
                                android:background="@drawable/test_result_dot_yellow"
                                android:layout_centerVertical="true"
                                android:layout_marginLeft="15dp"/>
                            <TextView
                                android:layout_width="wrap_content"
                                android:layout_height="match_parent"
                                android:gravity="center_vertical"
                                android:textColor="@color/colorBlack"
                                android:textSize="14dp"
                                android:text="@string/test_item7"
                                android:layout_marginLeft="37dp"/>
                            <ImageView
                                android:id="@+id/iv_arrow_7"
                                android:layout_width="15dp"
                                android:layout_height="10dp"
                                android:layout_alignParentRight="true"
                                android:layout_centerVertical="true"
                                android:src="@drawable/ic_arrow_bottom"
                                android:layout_marginRight="20dp"/>
                            <LinearLayout
                                android:layout_width="match_parent"
                                android:layout_height="17dp"
                                android:orientation="horizontal"
                                android:layout_marginLeft="18dp"
                                android:layout_marginRight="20dp"
                                android:layout_alignParentBottom="true">
                                <RelativeLayout
                                    android:layout_width="0dp"
                                    android:layout_height="match_parent"
                                    android:layout_weight="1"
                                    android:background="@drawable/test_result_box_empty">
                                    <ImageView
                                        android:id="@+id/txtItemSeven1"
                                        android:layout_width="match_parent"
                                        android:layout_height="match_parent"
                                        android:src="@drawable/test_result_box_green"/>
                                </RelativeLayout>
                                <RelativeLayout
                                    android:layout_width="0dp"
                                    android:layout_height="match_parent"
                                    android:layout_weight="1"
                                    android:background="@drawable/test_result_box_empty"
                                    android:layout_marginLeft="2dp">
                                    <ImageView
                                        android:id="@+id/txtItemSeven2"
                                        android:layout_width="match_parent"
                                        android:layout_height="match_parent"
                                        android:src="@drawable/test_result_box_green"/>
                                </RelativeLayout>
                                <RelativeLayout
                                    android:layout_width="0dp"
                                    android:layout_height="match_parent"
                                    android:layout_weight="1"
                                    android:background="@drawable/test_result_box_empty"
                                    android:layout_marginLeft="2dp">
                                    <ImageView
                                        android:id="@+id/txtItemSeven3"
                                        android:layout_width="match_parent"
                                        android:layout_height="match_parent"
                                        android:src="@drawable/test_result_box_yellow"/>
                                </RelativeLayout>
                                <RelativeLayout
                                    android:layout_width="0dp"
                                    android:layout_height="match_parent"
                                    android:layout_weight="1"
                                    android:background="@drawable/test_result_box_empty"
                                    android:layout_marginLeft="2dp">
                                    <ImageView
                                        android:id="@+id/txtItemSeven4"
                                        android:layout_width="match_parent"
                                        android:layout_height="match_parent"
                                        android:src="@drawable/test_result_box_yellow"/>
                                </RelativeLayout>
                                <RelativeLayout
                                    android:layout_width="0dp"
                                    android:layout_height="match_parent"
                                    android:layout_weight="1"
                                    android:background="@drawable/test_result_box_empty"
                                    android:layout_marginLeft="2dp">
                                    <ImageView
                                        android:id="@+id/txtItemSeven5"
                                        android:layout_width="match_parent"
                                        android:layout_height="match_parent"
                                        android:src="@drawable/test_result_box_red"/>
                                </RelativeLayout>
                                <RelativeLayout
                                    android:layout_width="0dp"
                                    android:layout_height="match_parent"
                                    android:layout_weight="1"
                                    android:background="@drawable/test_result_box_empty"
                                    android:layout_marginLeft="2dp">
                                    <ImageView
                                        android:id="@+id/txtItemSeven6"
                                        android:layout_width="match_parent"
                                        android:layout_height="match_parent"
                                        android:src="@drawable/test_result_box_red"/>
                                </RelativeLayout>
                            </LinearLayout>
                        </RelativeLayout>
                        <LinearLayout
                            android:id="@+id/linear_content_7"
                            android:layout_width="match_parent"
                            android:layout_height="wrap_content"
                            android:orientation="vertical"
                            android:layout_marginLeft="30dp"
                            android:layout_marginTop="30dp"
                            android:layout_marginRight="30dp"
                            android:visibility="gone">
                            <LinearLayout
                                android:layout_width="match_parent"
                                android:layout_height="wrap_content"
                                android:layout_marginTop="5dp"
                                android:orientation="horizontal">
                                <View
                                    android:layout_width="5dp"
                                    android:layout_height="5dp"
                                    android:layout_gravity="center_vertical"
                                    android:background="@drawable/fill_black_circle" />
                                <TextView
                                    android:layout_width="wrap_content"
                                    android:layout_height="15dp"
                                    android:layout_marginStart="5dp"
                                    android:textSize="10dp"
                                    android:gravity="center_vertical"
                                    android:text="@string/description_item"
                                    android:textColor="@color/new_gray_1"/>

                            </LinearLayout>
                            <TextView
                                android:layout_width="match_parent"
                                android:layout_height="wrap_content"
                                android:textColor="@color/new_gray_1"
                                android:text="@string/item6"
                                android:textSize="12dp"
                                android:lineSpacingExtra="5dp"
                                android:layout_marginTop="5dp"/>
                            <LinearLayout
                                android:layout_width="match_parent"
                                android:layout_height="wrap_content"
                                android:layout_marginTop="15dp"
                                android:orientation="horizontal">
                                <View
                                    android:layout_width="5dp"
                                    android:layout_height="5dp"
                                    android:layout_gravity="center_vertical"
                                    android:background="@drawable/fill_black_circle" />
                                <TextView
                                    android:layout_width="wrap_content"
                                    android:layout_height="15dp"
                                    android:layout_marginStart="5dp"
                                    android:textSize="10dp"
                                    android:gravity="center_vertical"
                                    android:text="@string/suspected_disease"
                                    android:textColor="@color/new_gray_1"/>
                            </LinearLayout>
                            <TextView
                                android:layout_width="match_parent"
                                android:layout_height="wrap_content"
                                android:textColor="@color/new_gray_1"
                                android:text="@string/item61"
                                android:textSize="12dp"
                                android:lineSpacingExtra="5dp"
                                android:layout_marginTop="5dp"/>
                        </LinearLayout>
                        <View
                            android:layout_width="match_parent"
                            android:layout_height="1dp"
                            android:background="@color/new_gray_3"
                            android:layout_marginTop="20dp"/>
                    </LinearLayout>
                    <!-- 포도당 end -->


                    <!-- 산성도 -->
                    <LinearLayout
                        android:id="@+id/linear_8"
                        android:layout_width="match_parent"
                        android:layout_height="wrap_content"
                        android:orientation="vertical"
                        android:visibility="visible">

                        <RelativeLayout
                            android:layout_width="match_parent"
                            android:layout_height="65dp"
                            android:onClick="btnSelectedItemEight">
                            <View
                                android:id="@+id/view_dot_8"
                                android:layout_width="18dp"
                                android:layout_height="18dp"
                                android:background="@drawable/test_result_dot_yellow"
                                android:layout_centerVertical="true"
                                android:layout_marginLeft="15dp"/>
                            <TextView
                                android:layout_width="wrap_content"
                                android:layout_height="match_parent"
                                android:gravity="center_vertical"
                                android:textColor="@color/colorBlack"
                                android:textSize="14dp"
                                android:text="@string/test_item8"
                                android:layout_marginLeft="37dp"/>
                            <ImageView
                                android:id="@+id/iv_arrow_8"
                                android:layout_width="15dp"
                                android:layout_height="10dp"
                                android:layout_alignParentRight="true"
                                android:layout_centerVertical="true"
                                android:src="@drawable/ic_arrow_bottom"
                                android:layout_marginRight="20dp"/>
                            <LinearLayout
                                android:layout_width="match_parent"
                                android:layout_height="17dp"
                                android:orientation="horizontal"
                                android:layout_marginLeft="18dp"
                                android:layout_marginRight="20dp"
                                android:layout_alignParentBottom="true">
                                <RelativeLayout
                                    android:layout_width="0dp"
                                    android:layout_height="match_parent"
                                    android:layout_weight="1"
                                    android:background="@drawable/test_result_box_empty">
                                    <ImageView
                                        android:id="@+id/txtItemEight1"
                                        android:layout_width="match_parent"
                                        android:layout_height="match_parent"
                                        android:src="@drawable/test_result_box_red"/>
                                </RelativeLayout>
                                <RelativeLayout
                                    android:layout_width="0dp"
                                    android:layout_height="match_parent"
                                    android:layout_weight="1"
                                    android:background="@drawable/test_result_box_empty"
                                    android:layout_marginLeft="2dp">
                                    <ImageView
                                        android:id="@+id/txtItemEight2"
                                        android:layout_width="match_parent"
                                        android:layout_height="match_parent"
                                        android:src="@drawable/test_result_box_green"/>
                                </RelativeLayout>
                                <RelativeLayout
                                    android:layout_width="0dp"
                                    android:layout_height="match_parent"
                                    android:layout_weight="1"
                                    android:background="@drawable/test_result_box_empty"
                                    android:layout_marginLeft="2dp">
                                    <ImageView
                                        android:id="@+id/txtItemEight3"
                                        android:layout_width="match_parent"
                                        android:layout_height="match_parent"
                                        android:src="@drawable/test_result_box_green"/>
                                </RelativeLayout>
                                <RelativeLayout
                                    android:layout_width="0dp"
                                    android:layout_height="match_parent"
                                    android:layout_weight="1"
                                    android:background="@drawable/test_result_box_empty"
                                    android:layout_marginLeft="2dp">
                                    <ImageView
                                        android:id="@+id/txtItemEight4"
                                        android:layout_width="match_parent"
                                        android:layout_height="match_parent"
                                        android:src="@drawable/test_result_box_green"/>
                                </RelativeLayout>
                                <RelativeLayout
                                    android:layout_width="0dp"
                                    android:layout_height="match_parent"
                                    android:layout_weight="1"
                                    android:background="@drawable/test_result_box_empty"
                                    android:layout_marginLeft="2dp">
                                    <ImageView
                                        android:id="@+id/txtItemEight5"
                                        android:layout_width="match_parent"
                                        android:layout_height="match_parent"
                                        android:src="@drawable/test_result_box_yellow"/>
                                </RelativeLayout>
                                <RelativeLayout
                                    android:layout_width="0dp"
                                    android:layout_height="match_parent"
                                    android:layout_weight="1"
                                    android:background="@drawable/test_result_box_empty"
                                    android:layout_marginLeft="2dp">
                                    <ImageView
                                        android:id="@+id/txtItemEight6"
                                        android:layout_width="match_parent"
                                        android:layout_height="match_parent"
                                        android:src="@drawable/test_result_box_yellow"/>
                                </RelativeLayout>
                                <RelativeLayout
                                    android:layout_width="0dp"
                                    android:layout_height="match_parent"
                                    android:layout_weight="1"
                                    android:background="@drawable/test_result_box_empty"
                                    android:layout_marginLeft="2dp">
                                    <ImageView
                                        android:id="@+id/txtItemEight7"
                                        android:layout_width="match_parent"
                                        android:layout_height="match_parent"
                                        android:src="@drawable/test_result_box_red"/>
                                </RelativeLayout>
                            </LinearLayout>
                        </RelativeLayout>
                        <LinearLayout
                            android:id="@+id/linear_content_8"
                            android:layout_width="match_parent"
                            android:layout_height="wrap_content"
                            android:orientation="vertical"
                            android:layout_marginLeft="30dp"
                            android:layout_marginTop="30dp"
                            android:layout_marginRight="30dp"
                            android:visibility="gone">
                            <LinearLayout
                                android:layout_width="match_parent"
                                android:layout_height="wrap_content"
                                android:layout_marginTop="5dp"
                                android:orientation="horizontal">
                                <View
                                    android:layout_width="5dp"
                                    android:layout_height="5dp"
                                    android:layout_gravity="center_vertical"
                                    android:background="@drawable/fill_black_circle" />
                                <TextView
                                    android:layout_width="wrap_content"
                                    android:layout_height="15dp"
                                    android:layout_marginStart="5dp"
                                    android:textSize="10dp"
                                    android:gravity="center_vertical"
                                    android:text="@string/description_item"
                                    android:textColor="@color/new_gray_1"/>

                            </LinearLayout>
                            <TextView
                                android:layout_width="match_parent"
                                android:layout_height="wrap_content"
                                android:textColor="@color/new_gray_1"
                                android:text="@string/item7"
                                android:textSize="12dp"
                                android:lineSpacingExtra="5dp"
                                android:layout_marginTop="5dp"/>
                            <LinearLayout
                                android:layout_width="match_parent"
                                android:layout_height="wrap_content"
                                android:layout_marginTop="15dp"
                                android:orientation="horizontal">
                                <View
                                    android:layout_width="5dp"
                                    android:layout_height="5dp"
                                    android:layout_gravity="center_vertical"
                                    android:background="@drawable/fill_black_circle" />
                                <TextView
                                    android:layout_width="wrap_content"
                                    android:layout_height="15dp"
                                    android:layout_marginStart="5dp"
                                    android:textSize="10dp"
                                    android:gravity="center_vertical"
                                    android:text="@string/suspected_disease"
                                    android:textColor="@color/new_gray_1"/>
                            </LinearLayout>
                            <TextView
                                android:layout_width="match_parent"
                                android:layout_height="wrap_content"
                                android:textColor="@color/new_gray_1"
                                android:text="@string/item71"
                                android:textSize="12dp"
                                android:lineSpacingExtra="5dp"
                                android:layout_marginTop="5dp"/>
                        </LinearLayout>                        <View
                            android:layout_width="match_parent"
                            android:layout_height="1dp"
                            android:background="@color/new_gray_3"
                            android:layout_marginTop="20dp"/>
                    </LinearLayout>
                    <!-- 산성도 end -->

                    <!-- 비중 -->
                    <RelativeLayout
                        android:layout_width="match_parent"
                        android:layout_height="65dp"
                        android:onClick="btnSelectedItemNine">
                        <View
                            android:id="@+id/view_dot_9"
                            android:layout_width="18dp"
                            android:layout_height="18dp"
                            android:background="@drawable/test_result_dot_yellow"
                            android:layout_centerVertical="true"
                            android:layout_marginLeft="15dp"/>
                        <TextView
                            android:layout_width="wrap_content"
                            android:layout_height="match_parent"
                            android:gravity="center_vertical"
                            android:textColor="@color/colorBlack"
                            android:textSize="14dp"
                            android:text="@string/test_item9"
                            android:layout_marginLeft="37dp"/>
                        <ImageView
                            android:id="@+id/iv_arrow_9"
                            android:layout_width="15dp"
                            android:layout_height="10dp"
                            android:layout_alignParentRight="true"
                            android:layout_centerVertical="true"
                            android:src="@drawable/ic_arrow_bottom"
                            android:layout_marginRight="20dp"/>
                        <LinearLayout
                            android:layout_width="match_parent"
                            android:layout_height="17dp"
                            android:orientation="horizontal"
                            android:layout_marginLeft="18dp"
                            android:layout_marginRight="20dp"
                            android:layout_alignParentBottom="true">
                            <RelativeLayout
                                android:layout_width="0dp"
                                android:layout_height="match_parent"
                                android:layout_weight="1"
                                android:background="@drawable/test_result_box_empty">
                                <ImageView
                                    android:id="@+id/txtItemNine1"
                                    android:layout_width="match_parent"
                                    android:layout_height="match_parent"
                                    android:src="@drawable/test_result_box_yellow"/>
                            </RelativeLayout>
                            <RelativeLayout
                                android:layout_width="0dp"
                                android:layout_height="match_parent"
                                android:layout_weight="1"
                                android:background="@drawable/test_result_box_empty"
                                android:layout_marginLeft="2dp">
                                <ImageView
                                    android:id="@+id/txtItemNine2"
                                    android:layout_width="match_parent"
                                    android:layout_height="match_parent"
                                    android:src="@drawable/test_result_box_green"/>
                            </RelativeLayout>
                            <RelativeLayout
                                android:layout_width="0dp"
                                android:layout_height="match_parent"
                                android:layout_weight="1"
                                android:background="@drawable/test_result_box_empty"
                                android:layout_marginLeft="2dp">
                                <ImageView
                                    android:id="@+id/txtItemNine3"
                                    android:layout_width="match_parent"
                                    android:layout_height="match_parent"
                                    android:src="@drawable/test_result_box_green"/>
                            </RelativeLayout>
                            <RelativeLayout
                                android:layout_width="0dp"
                                android:layout_height="match_parent"
                                android:layout_weight="1"
                                android:background="@drawable/test_result_box_empty"
                                android:layout_marginLeft="2dp">
                                <ImageView
                                    android:id="@+id/txtItemNine4"
                                    android:layout_width="match_parent"
                                    android:layout_height="match_parent"
                                    android:src="@drawable/test_result_box_green"/>
                            </RelativeLayout>
                            <RelativeLayout
                                android:layout_width="0dp"
                                android:layout_height="match_parent"
                                android:layout_weight="1"
                                android:background="@drawable/test_result_box_empty"
                                android:layout_marginLeft="2dp">

                                <ImageView
                                    android:id="@+id/txtItemNine5"
                                    android:layout_width="match_parent"
                                    android:layout_height="match_parent"
                                    android:src="@drawable/test_result_box_green"/>
                            </RelativeLayout>
                            <RelativeLayout
                                android:layout_width="0dp"
                                android:layout_height="match_parent"
                                android:layout_weight="1"
                                android:background="@drawable/test_result_box_empty"
                                android:layout_marginLeft="2dp">
                                <ImageView
                                    android:id="@+id/txtItemNine6"
                                    android:layout_width="match_parent"
                                    android:layout_height="match_parent"
                                    android:src="@drawable/test_result_box_yellow"/>
                            </RelativeLayout>
                            <RelativeLayout
                                android:layout_width="0dp"
                                android:layout_height="match_parent"
                                android:layout_weight="1"
                                android:background="@drawable/test_result_box_empty"
                                android:layout_marginLeft="2dp">
                                <ImageView
                                    android:id="@+id/txtItemNine7"
                                    android:layout_width="match_parent"
                                    android:layout_height="match_parent"
                                    android:src="@drawable/test_result_box_red"/>
                            </RelativeLayout>
                        </LinearLayout>
                    </RelativeLayout>
                    <LinearLayout
                        android:id="@+id/linear_content_9"
                        android:layout_width="match_parent"
                        android:layout_height="wrap_content"
                        android:orientation="vertical"
                        android:layout_marginLeft="30dp"
                        android:layout_marginTop="30dp"
                        android:layout_marginRight="30dp"
                        android:visibility="gone">
                        <LinearLayout
                            android:layout_width="match_parent"
                            android:layout_height="wrap_content"
                            android:layout_marginTop="5dp"
                            android:orientation="horizontal">
                            <View
                                android:layout_width="5dp"
                                android:layout_height="5dp"
                                android:layout_gravity="center_vertical"
                                android:background="@drawable/fill_black_circle" />
                            <TextView
                                android:layout_width="wrap_content"
                                android:layout_height="15dp"
                                android:layout_marginStart="5dp"
                                android:textSize="10dp"
                                android:gravity="center_vertical"
                                android:text="@string/description_item"
                                android:textColor="@color/new_gray_1"/>

                        </LinearLayout>
                        <TextView
                            android:layout_width="match_parent"
                            android:layout_height="wrap_content"
                            android:textColor="@color/new_gray_1"
                            android:text="@string/item8"
                            android:textSize="12dp"
                            android:lineSpacingExtra="5dp"
                            android:layout_marginTop="5dp"/>
                        <LinearLayout
                            android:layout_width="match_parent"
                            android:layout_height="wrap_content"
                            android:layout_marginTop="15dp"
                            android:orientation="horizontal">
                            <View
                                android:layout_width="5dp"
                                android:layout_height="5dp"
                                android:layout_gravity="center_vertical"
                                android:background="@drawable/fill_black_circle" />
                            <TextView
                                android:layout_width="wrap_content"
                                android:layout_height="15dp"
                                android:layout_marginStart="5dp"
                                android:textSize="10dp"
                                android:gravity="center_vertical"
                                android:text="@string/suspected_disease"
                                android:textColor="@color/new_gray_1"/>
                        </LinearLayout>
                        <TextView
                            android:layout_width="match_parent"
                            android:layout_height="wrap_content"
                            android:textColor="@color/new_gray_1"
                            android:text="@string/item81"
                            android:textSize="12dp"
                            android:lineSpacingExtra="5dp"
                            android:layout_marginTop="5dp"/>
                    </LinearLayout>
                    <View
                        android:layout_width="match_parent"
                        android:layout_height="1dp"
                        android:background="@color/new_gray_3"
                        android:layout_marginTop="20dp"/>
                    <!-- 비중 end -->

                    <!-- 백혈구 -->
                    <RelativeLayout
                        android:layout_width="match_parent"
                        android:layout_height="65dp"
                        android:onClick="btnSelectedItemTen">
                        <View
                            android:id="@+id/view_dot_10"
                            android:layout_width="18dp"
                            android:layout_height="18dp"
                            android:background="@drawable/test_result_dot_yellow"
                            android:layout_centerVertical="true"
                            android:layout_marginLeft="15dp"/>
                        <TextView
                            android:layout_width="wrap_content"
                            android:layout_height="match_parent"
                            android:gravity="center_vertical"
                            android:textColor="@color/colorBlack"
                            android:textSize="14dp"
                            android:text="@string/test_item10"
                            android:layout_marginLeft="37dp"/>
                        <ImageView
                            android:id="@+id/iv_arrow_10"
                            android:layout_width="15dp"
                            android:layout_height="10dp"
                            android:layout_alignParentRight="true"
                            android:layout_centerVertical="true"
                            android:src="@drawable/ic_arrow_bottom"
                            android:layout_marginRight="20dp"/>
                        <LinearLayout
                            android:layout_width="match_parent"
                            android:layout_height="17dp"
                            android:orientation="horizontal"
                            android:layout_marginLeft="18dp"
                            android:layout_marginRight="20dp"
                            android:layout_alignParentBottom="true">
                            <RelativeLayout
                                android:layout_width="0dp"
                                android:layout_height="match_parent"
                                android:layout_weight="1"
                                android:background="@drawable/test_result_box_empty"
                                android:layout_marginLeft="2dp">
                                <ImageView
                                    android:id="@+id/txtItemTen1"
                                    android:layout_width="match_parent"
                                    android:layout_height="match_parent"
                                    android:src="@drawable/test_result_box_green"/>
                            </RelativeLayout>
                            <RelativeLayout
                                android:layout_width="0dp"
                                android:layout_height="match_parent"
                                android:layout_weight="1"
                                android:background="@drawable/test_result_box_empty"
                                android:layout_marginLeft="2dp">
                                <ImageView
                                    android:id="@+id/txtItemTen2"
                                    android:layout_width="match_parent"
                                    android:layout_height="match_parent"
                                    android:src="@drawable/test_result_box_green"/>
                            </RelativeLayout>
                            <RelativeLayout
                                android:layout_width="0dp"
                                android:layout_height="match_parent"
                                android:layout_weight="1"
                                android:background="@drawable/test_result_box_empty"
                                android:layout_marginLeft="2dp">
                                <ImageView
                                    android:id="@+id/txtItemTen3"
                                    android:layout_width="match_parent"
                                    android:layout_height="match_parent"
                                    android:src="@drawable/test_result_box_yellow"/>
                            </RelativeLayout>
                            <RelativeLayout
                                android:layout_width="0dp"
                                android:layout_height="match_parent"
                                android:layout_weight="1"
                                android:background="@drawable/test_result_box_empty"
                                android:layout_marginLeft="2dp">
                                <ImageView
                                    android:id="@+id/txtItemTen4"
                                    android:layout_width="match_parent"
                                    android:layout_height="match_parent"
                                    android:src="@drawable/test_result_box_yellow"/>
                            </RelativeLayout>
                            <RelativeLayout
                                android:layout_width="0dp"
                                android:layout_height="match_parent"
                                android:layout_weight="1"
                                android:background="@drawable/test_result_box_empty"
                                android:layout_marginLeft="2dp">
                                <ImageView
                                    android:id="@+id/txtItemTen5"
                                    android:layout_width="match_parent"
                                    android:layout_height="match_parent"
                                    android:src="@drawable/test_result_box_red"/>
                            </RelativeLayout>
                        </LinearLayout>
                    </RelativeLayout>
                    <LinearLayout
                        android:id="@+id/linear_content_10"
                        android:layout_width="match_parent"
                        android:layout_height="wrap_content"
                        android:orientation="vertical"
                        android:layout_marginLeft="30dp"
                        android:layout_marginTop="30dp"
                        android:layout_marginRight="30dp"
                        android:visibility="gone">
                        <LinearLayout
                            android:layout_width="match_parent"
                            android:layout_height="wrap_content"
                            android:layout_marginTop="5dp"
                            android:orientation="horizontal">
                            <View
                                android:layout_width="5dp"
                                android:layout_height="5dp"
                                android:layout_gravity="center_vertical"
                                android:background="@drawable/fill_black_circle" />
                            <TextView
                                android:layout_width="wrap_content"
                                android:layout_height="15dp"
                                android:layout_marginStart="5dp"
                                android:textSize="10dp"
                                android:gravity="center_vertical"
                                android:text="@string/description_item"
                                android:textColor="@color/new_gray_1"/>

                        </LinearLayout>
                        <TextView
                            android:layout_width="match_parent"
                            android:layout_height="wrap_content"
                            android:textColor="@color/new_gray_1"
                            android:text="@string/item9"
                            android:textSize="12dp"
                            android:lineSpacingExtra="5dp"
                            android:layout_marginTop="5dp"/>
                        <LinearLayout
                            android:layout_width="match_parent"
                            android:layout_height="wrap_content"
                            android:layout_marginTop="15dp"
                            android:orientation="horizontal">
                            <View
                                android:layout_width="5dp"
                                android:layout_height="5dp"
                                android:layout_gravity="center_vertical"
                                android:background="@drawable/fill_black_circle" />
                            <TextView
                                android:layout_width="wrap_content"
                                android:layout_height="15dp"
                                android:layout_marginStart="5dp"
                                android:textSize="10dp"
                                android:gravity="center_vertical"
                                android:text="@string/suspected_disease"
                                android:textColor="@color/new_gray_1"/>
                        </LinearLayout>
                        <TextView
                            android:layout_width="match_parent"
                            android:layout_height="wrap_content"
                            android:textColor="@color/new_gray_1"
                            android:text="@string/item91"
                            android:textSize="12dp"
                            android:lineSpacingExtra="5dp"
                            android:layout_marginTop="5dp"/>
                    </LinearLayout>
                    <View
                        android:layout_width="match_parent"
                        android:layout_height="1dp"
                        android:background="@color/new_gray_3"
                        android:layout_marginTop="20dp"/>
                    <!-- 백혈구 end -->
                </LinearLayout>

                <LinearLayout
                    android:id="@+id/llSelectScope"
                    android:layout_width="match_parent"
                    android:layout_height="wrap_content"
                    android:layout_marginTop="20dp"
                    android:layout_marginStart="20dp"
                    android:layout_marginEnd="20dp"
                    android:baselineAligned="false"
                    android:orientation="horizontal">
                    <LinearLayout
                        android:id="@+id/llDay"
                        android:layout_width="0dp"
                        android:layout_height="30dp"
                        android:layout_weight="1"
                        android:background="@drawable/background_button_test_result"
                        android:gravity="center"
                        android:onClick="btnShowDay">
                        <TextView
                            android:layout_width="wrap_content"
                            android:layout_height="wrap_content"
                            android:textSize="13sp"
                            android:textColor="#77869e"
                            android:text="@string/one_month"/>
                    </LinearLayout>
                    <LinearLayout
                        android:id="@+id/llWeek"
                        android:layout_width="0dp"
                        android:layout_height="30dp"
                        android:layout_weight="1"
                        android:gravity="center"
                        android:onClick="btnShowWeek">
                        <TextView
                            android:layout_width="wrap_content"
                            android:layout_height="wrap_content"
                            android:textSize="13sp"
                            android:textColor="#77869e"
                            android:text="@string/three_month"/>
                    </LinearLayout>
                    <LinearLayout
                        android:id="@+id/llMonth"
                        android:layout_width="0dp"
                        android:layout_height="30dp"
                        android:layout_weight="1"
                        android:gravity="center"
                        android:onClick="btnShowMonth">
                        <TextView
                            android:layout_width="wrap_content"
                            android:layout_height="wrap_content"
                            android:textSize="13sp"
                            android:textColor="#77869e"
                            android:text="@string/six_month"/>
                    </LinearLayout>
                    <LinearLayout
                        android:id="@+id/llYear"
                        android:layout_width="0dp"
                        android:layout_height="30dp"
                        android:layout_weight="1"
                        android:gravity="center"
                        android:onClick="btnShowYear">
                        <TextView
                            android:layout_width="wrap_content"
                            android:layout_height="wrap_content"
                            android:textSize="13sp"
                            android:textColor="#77869e"
                            android:text="@string/one_year"/>
                    </LinearLayout>
                    <LinearLayout
                        android:id="@+id/llSetting"
                        android:layout_width="0dp"
                        android:layout_height="30dp"
                        android:layout_weight="1"
                        android:gravity="center"
                        android:onClick="btnShowSetting">
                        <TextView
                            android:layout_width="wrap_content"
                            android:layout_height="wrap_content"
                            android:textSize="13sp"
                            android:textColor="#77869e"
                            android:text="@string/all"/>
                    </LinearLayout>
                </LinearLayout>

                <!-- show chart -->
                <LinearLayout
                    android:layout_width="match_parent"
                    android:layout_height="wrap_content"
                    android:layout_marginTop="10dp"
                    android:layout_marginStart="1dp"
                    android:layout_marginEnd="1dp"
                    android:layout_marginBottom="20dp"
                    android:baselineAligned="false">

                    <com.github.mikephil.charting.charts.LineChart
                        android:id="@+id/chart"
                        android:layout_width="match_parent"
                        android:layout_height="200dp" />

                </LinearLayout>

            </LinearLayout>
        </ScrollView>
    </LinearLayout>
</RelativeLayout>